SF:lib\models\question_model.dart
DA:13,2
DA:20,1
DA:21,1
DA:22,1
DA:23,1
DA:24,1
DA:29,1
DA:30,1
DA:31,1
DA:32,1
DA:33,1
DA:38,2
DA:41,1
DA:42,1
DA:46,0
DA:51,0
DA:52,0
DA:53,0
DA:54,0
LF:19
LH:14
end_of_record
SF:lib\models\test_category_model.dart
DA:14,2
DA:25,0
DA:26,0
DA:27,0
DA:28,0
DA:29,0
DA:30,0
DA:31,0
DA:32,0
DA:33,0
DA:34,0
DA:35,0
DA:40,0
DA:41,0
DA:42,0
DA:43,0
DA:44,0
DA:45,0
DA:46,0
DA:47,0
DA:48,0
DA:53,5
DA:56,6
DA:59,1
DA:60,5
DA:63,1
DA:64,5
DA:65,1
DA:67,1
DA:69,3
DA:72,2
DA:76,1
DA:77,2
DA:78,1
DA:83,0
DA:92,0
DA:93,0
DA:94,0
DA:95,0
DA:96,0
DA:97,0
DA:98,0
DA:99,0
LF:43
LH:14
end_of_record
SF:lib\data\question_data.dart
DA:8,2
DA:9,2
DA:10,2
DA:11,2
DA:12,2
DA:13,2
DA:18,1
DA:20,5
DA:27,2
DA:28,2
DA:35,2
DA:36,2
DA:40,2
DA:44,2
DA:48,2
DA:52,2
DA:56,2
DA:60,2
DA:64,2
DA:68,2
DA:72,2
DA:81,2
DA:82,2
DA:89,2
DA:90,2
DA:94,2
DA:98,2
DA:102,2
DA:106,2
DA:110,2
DA:114,2
DA:118,2
DA:122,2
DA:126,2
DA:130,2
DA:134,2
DA:143,2
DA:144,2
DA:151,2
DA:152,2
DA:156,2
DA:160,2
DA:164,2
DA:168,2
DA:172,2
DA:176,2
DA:180,2
DA:189,2
DA:190,2
DA:197,2
DA:198,2
DA:202,2
DA:206,2
DA:210,2
DA:214,2
DA:218,2
DA:222,2
DA:226,2
DA:230,2
DA:234,2
LF:60
LH:60
end_of_record
SF:lib\screens\result_screen.dart
DA:10,0
DA:17,0
DA:20,0
DA:23,0
DA:26,0
DA:27,0
DA:29,0
DA:36,0
DA:38,0
DA:39,0
DA:41,0
DA:44,0
DA:46,0
DA:49,0
DA:50,0
DA:52,0
DA:53,0
DA:58,0
DA:59,0
DA:60,0
DA:61,0
DA:62,0
DA:63,0
DA:67,0
DA:72,0
DA:77,0
DA:82,0
DA:87,0
DA:96,0
DA:99,0
DA:107,0
DA:108,0
DA:109,0
DA:110,0
DA:113,0
DA:114,0
DA:117,0
DA:120,0
DA:133,0
DA:135,0
DA:136,0
DA:137,0
DA:139,0
DA:149,0
DA:150,0
DA:153,0
DA:154,0
DA:157,0
DA:158,0
DA:159,0
DA:162,0
DA:163,0
DA:164,0
DA:165,0
DA:171,0
DA:172,0
DA:182,0
DA:185,0
DA:186,0
DA:187,0
DA:195,0
DA:197,0
DA:198,0
DA:209,0
DA:210,0
DA:223,0
DA:224,0
DA:227,0
DA:228,0
DA:229,0
DA:230,0
DA:231,0
DA:235,0
DA:236,0
DA:237,0
DA:238,0
DA:242,0
DA:243,0
DA:244,0
DA:247,0
DA:252,0
DA:253,0
DA:254,0
DA:256,0
DA:266,0
DA:267,0
DA:270,0
DA:271,0
DA:272,0
DA:273,0
DA:274,0
DA:278,0
DA:280,0
DA:290,0
DA:293,0
DA:296,0
DA:299,0
DA:302,0
DA:305,0
DA:313,0
DA:318,0
DA:319,0
DA:320,0
DA:323,0
DA:324,0
DA:325,0
DA:327,0
DA:334,0
DA:335,0
DA:337,0
DA:339,0
DA:343,0
DA:356,0
DA:357,0
DA:360,0
DA:361,0
DA:362,0
DA:363,0
DA:364,0
DA:368,0
DA:370,0
DA:371,0
DA:372,0
DA:373,0
DA:375,0
DA:390,0
DA:391,0
DA:392,0
DA:394,0
DA:404,0
DA:405,0
DA:408,0
DA:410,0
DA:411,0
DA:412,0
DA:417,0
DA:418,0
DA:419,0
DA:421,0
DA:425,0
DA:426,0
DA:428,0
DA:430,0
DA:442,0
DA:443,0
DA:445,0
DA:447,0
DA:448,0
DA:449,0
DA:455,0
DA:456,0
DA:459,0
DA:460,0
DA:461,0
DA:463,0
DA:467,0
DA:468,0
DA:499,1
DA:501,1
DA:503,1
DA:505,1
DA:511,0
DA:513,0
DA:515,0
DA:517,0
DA:523,1
DA:525,1
DA:527,1
DA:529,1
DA:535,1
DA:537,1
DA:539,1
DA:541,1
DA:547,0
DA:549,0
DA:551,0
DA:553,0
LF:177
LH:12
end_of_record
SF:lib\main.dart
DA:4,0
DA:5,0
DA:11,2
DA:13,1
DA:15,1
DA:18,1
DA:38,1
DA:40,1
DA:41,1
DA:72,1
LF:10
LH:8
end_of_record
SF:lib\screens\dashboard_screen.dart
DA:9,1
DA:11,1
DA:13,1
DA:15,1
DA:16,1
DA:19,1
DA:20,1
DA:22,1
DA:25,1
DA:26,1
DA:28,1
DA:29,1
DA:30,2
DA:41,1
DA:42,1
DA:45,1
DA:47,1
DA:48,1
DA:49,1
DA:54,1
DA:55,1
DA:56,1
DA:58,1
DA:62,1
DA:63,1
DA:65,1
DA:67,1
DA:84,1
DA:86,1
DA:88,1
DA:89,1
DA:90,0
DA:92,0
DA:94,0
DA:95,0
DA:99,1
DA:100,1
DA:102,1
DA:104,1
DA:106,1
DA:111,1
DA:112,1
DA:114,1
DA:116,1
DA:117,2
DA:128,1
DA:129,2
DA:130,1
DA:132,1
DA:142,1
DA:148,1
DA:151,1
DA:161,1
DA:166,2
DA:167,1
DA:171,1
DA:175,1
DA:179,1
DA:188,1
DA:191,1
DA:193,1
DA:195,1
DA:198,1
DA:204,1
DA:205,1
DA:206,1
DA:208,1
DA:211,1
DA:214,1
DA:215,2
DA:216,1
DA:218,1
DA:225,1
DA:228,1
DA:231,1
DA:232,3
DA:233,1
DA:235,1
LF:78
LH:74
end_of_record
SF:lib\screens\quiz_screen.dart
DA:11,0
DA:16,0
DA:17,0
DA:25,0
DA:26,0
DA:29,0
DA:30,0
DA:33,0
DA:34,0
DA:36,0
DA:38,0
DA:39,0
DA:40,0
DA:42,0
DA:43,0
DA:44,0
DA:45,0
DA:47,0
DA:50,0
DA:51,0
DA:53,0
DA:56,0
DA:57,0
DA:59,0
DA:61,0
DA:63,0
DA:68,0
DA:75,0
DA:83,0
DA:84,0
DA:86,0
DA:88,0
DA:89,0
DA:90,0
DA:96,0
DA:97,0
DA:99,0
DA:101,0
DA:102,0
DA:103,0
DA:110,0
DA:111,0
DA:112,0
DA:115,0
DA:124,0
DA:125,0
DA:126,0
DA:127,0
DA:129,0
DA:141,0
DA:142,0
DA:144,0
DA:146,0
DA:147,0
DA:148,0
DA:152,0
DA:153,0
DA:166,0
DA:167,0
DA:168,0
DA:173,0
DA:178,0
DA:183,0
DA:188,0
DA:195,0
DA:197,0
DA:207,0
DA:208,0
DA:209,0
DA:210,0
DA:217,0
DA:222,0
DA:224,0
DA:226,0
DA:227,0
DA:228,0
DA:229,0
DA:232,0
DA:233,0
DA:235,0
DA:236,0
DA:237,0
DA:238,0
DA:240,0
DA:244,0
DA:245,0
DA:247,0
DA:250,0
DA:252,0
DA:255,0
DA:273,0
DA:281,0
DA:282,0
DA:284,0
DA:299,0
DA:300,0
DA:302,0
DA:304,0
DA:306,0
DA:307,0
DA:308,0
DA:314,0
DA:315,0
DA:318,0
DA:319,0
DA:320,0
DA:322,0
DA:324,0
DA:326,0
DA:327,0
DA:330,0
DA:332,0
DA:333,0
DA:334,0
DA:341,0
DA:342,0
DA:354,0
DA:355,0
DA:357,0
DA:368,0
DA:370,0
DA:372,0
DA:375,0
DA:376,0
DA:377,0
DA:378,0
DA:384,0
DA:386,0
DA:388,0
DA:392,0
DA:393,0
DA:394,0
DA:395,0
DA:396,0
DA:404,0
DA:405,0
DA:407,0
DA:412,0
DA:413,0
DA:414,0
DA:417,0
DA:418,0
DA:419,0
LF:143
LH:0
end_of_record
